{"C:\\Users\\khoury\\Desktop\\Projet_finalV4\\db.js": {"path":"C:\\Users\\khoury\\Desktop\\Projet_finalV4\\db.js","statementMap":{"0":{"start":{"line":1,"column":66},"end":{"line":1,"column":86}},"1":{"start":{"line":2,"column":15},"end":{"line":2,"column":32}},"2":{"start":{"line":3,"column":15},"end":{"line":3,"column":32}},"3":{"start":{"line":4,"column":11},"end":{"line":4,"column":23}},"4":{"start":{"line":5,"column":18},"end":{"line":8,"column":2}},"5":{"start":{"line":15,"column":0},"end":{"line":41,"column":32}},"6":{"start":{"line":42,"column":0},"end":{"line":70,"column":37}},"7":{"start":{"line":71,"column":0},"end":{"line":82,"column":41}},"8":{"start":{"line":83,"column":0},"end":{"line":83,"column":16}},"9":{"start":{"line":86,"column":4},"end":{"line":95,"column":6}},"10":{"start":{"line":87,"column":8},"end":{"line":91,"column":9}},"11":{"start":{"line":88,"column":12},"end":{"line":88,"column":39}},"12":{"start":{"line":90,"column":12},"end":{"line":90,"column":24}},"13":{"start":{"line":93,"column":8},"end":{"line":93,"column":75}},"14":{"start":{"line":94,"column":8},"end":{"line":94,"column":20}},"15":{"start":{"line":98,"column":4},"end":{"line":105,"column":11}},"16":{"start":{"line":100,"column":12},"end":{"line":104,"column":13}},"17":{"start":{"line":101,"column":16},"end":{"line":101,"column":28}},"18":{"start":{"line":103,"column":16},"end":{"line":103,"column":29}},"19":{"start":{"line":108,"column":4},"end":{"line":117,"column":6}},"20":{"start":{"line":109,"column":8},"end":{"line":113,"column":9}},"21":{"start":{"line":110,"column":12},"end":{"line":110,"column":36}},"22":{"start":{"line":112,"column":12},"end":{"line":112,"column":24}},"23":{"start":{"line":115,"column":8},"end":{"line":115,"column":75}},"24":{"start":{"line":116,"column":8},"end":{"line":116,"column":20}},"25":{"start":{"line":120,"column":4},"end":{"line":120,"column":37}},"26":{"start":{"line":121,"column":4},"end":{"line":121,"column":32}},"27":{"start":{"line":122,"column":4},"end":{"line":127,"column":6}},"28":{"start":{"line":123,"column":8},"end":{"line":123,"column":27}},"29":{"start":{"line":125,"column":8},"end":{"line":125,"column":72}},"30":{"start":{"line":126,"column":8},"end":{"line":126,"column":20}},"31":{"start":{"line":130,"column":4},"end":{"line":130,"column":37}},"32":{"start":{"line":131,"column":4},"end":{"line":131,"column":32}},"33":{"start":{"line":132,"column":4},"end":{"line":137,"column":6}},"34":{"start":{"line":133,"column":8},"end":{"line":133,"column":27}},"35":{"start":{"line":135,"column":8},"end":{"line":135,"column":72}},"36":{"start":{"line":136,"column":8},"end":{"line":136,"column":20}},"37":{"start":{"line":140,"column":4},"end":{"line":158,"column":6}},"38":{"start":{"line":141,"column":8},"end":{"line":157,"column":9}},"39":{"start":{"line":142,"column":12},"end":{"line":147,"column":13}},"40":{"start":{"line":143,"column":16},"end":{"line":143,"column":43}},"41":{"start":{"line":144,"column":29},"end":{"line":144,"column":51}},"42":{"start":{"line":145,"column":33},"end":{"line":145,"column":67}},"43":{"start":{"line":146,"column":16},"end":{"line":146,"column":78}},"44":{"start":{"line":148,"column":12},"end":{"line":151,"column":13}},"45":{"start":{"line":149,"column":16},"end":{"line":149,"column":42}},"46":{"start":{"line":150,"column":16},"end":{"line":150,"column":79}},"47":{"start":{"line":152,"column":12},"end":{"line":155,"column":13}},"48":{"start":{"line":153,"column":16},"end":{"line":153,"column":43}},"49":{"start":{"line":154,"column":16},"end":{"line":154,"column":81}},"50":{"start":{"line":156,"column":12},"end":{"line":156,"column":24}},"51":{"start":{"line":161,"column":17},"end":{"line":161,"column":45}},"52":{"start":{"line":162,"column":4},"end":{"line":169,"column":11}},"53":{"start":{"line":164,"column":12},"end":{"line":168,"column":13}},"54":{"start":{"line":165,"column":16},"end":{"line":165,"column":28}},"55":{"start":{"line":167,"column":16},"end":{"line":167,"column":29}},"56":{"start":{"line":171,"column":0},"end":{"line":288,"column":1}},"57":{"start":{"line":173,"column":8},"end":{"line":180,"column":15}},"58":{"start":{"line":175,"column":16},"end":{"line":179,"column":17}},"59":{"start":{"line":176,"column":20},"end":{"line":176,"column":32}},"60":{"start":{"line":178,"column":20},"end":{"line":178,"column":33}},"61":{"start":{"line":183,"column":8},"end":{"line":194,"column":10}},"62":{"start":{"line":189,"column":12},"end":{"line":189,"column":48}},"63":{"start":{"line":190,"column":12},"end":{"line":190,"column":24}},"64":{"start":{"line":192,"column":12},"end":{"line":192,"column":54}},"65":{"start":{"line":193,"column":12},"end":{"line":193,"column":25}},"66":{"start":{"line":205,"column":8},"end":{"line":214,"column":10}},"67":{"start":{"line":212,"column":12},"end":{"line":212,"column":54}},"68":{"start":{"line":213,"column":12},"end":{"line":213,"column":24}},"69":{"start":{"line":218,"column":8},"end":{"line":221,"column":10}},"70":{"start":{"line":220,"column":12},"end":{"line":220,"column":25}},"71":{"start":{"line":226,"column":8},"end":{"line":232,"column":10}},"72":{"start":{"line":227,"column":12},"end":{"line":231,"column":13}},"73":{"start":{"line":228,"column":16},"end":{"line":228,"column":25}},"74":{"start":{"line":230,"column":16},"end":{"line":230,"column":28}},"75":{"start":{"line":235,"column":8},"end":{"line":267,"column":10}},"76":{"start":{"line":236,"column":12},"end":{"line":266,"column":13}},"77":{"start":{"line":237,"column":16},"end":{"line":240,"column":17}},"78":{"start":{"line":238,"column":20},"end":{"line":238,"column":46}},"79":{"start":{"line":239,"column":20},"end":{"line":239,"column":68}},"80":{"start":{"line":241,"column":16},"end":{"line":248,"column":17}},"81":{"start":{"line":242,"column":20},"end":{"line":242,"column":48}},"82":{"start":{"line":243,"column":20},"end":{"line":246,"column":61}},"83":{"start":{"line":244,"column":24},"end":{"line":244,"column":41}},"84":{"start":{"line":245,"column":24},"end":{"line":245,"column":48}},"85":{"start":{"line":246,"column":34},"end":{"line":246,"column":60}},"86":{"start":{"line":247,"column":20},"end":{"line":247,"column":55}},"87":{"start":{"line":249,"column":16},"end":{"line":256,"column":17}},"88":{"start":{"line":250,"column":20},"end":{"line":250,"column":42}},"89":{"start":{"line":251,"column":20},"end":{"line":254,"column":61}},"90":{"start":{"line":252,"column":24},"end":{"line":252,"column":42}},"91":{"start":{"line":253,"column":24},"end":{"line":253,"column":42}},"92":{"start":{"line":254,"column":34},"end":{"line":254,"column":60}},"93":{"start":{"line":255,"column":20},"end":{"line":255,"column":49}},"94":{"start":{"line":257,"column":16},"end":{"line":264,"column":17}},"95":{"start":{"line":258,"column":20},"end":{"line":258,"column":42}},"96":{"start":{"line":259,"column":20},"end":{"line":262,"column":59}},"97":{"start":{"line":260,"column":24},"end":{"line":260,"column":43}},"98":{"start":{"line":261,"column":24},"end":{"line":261,"column":42}},"99":{"start":{"line":262,"column":34},"end":{"line":262,"column":58}},"100":{"start":{"line":263,"column":20},"end":{"line":263,"column":49}},"101":{"start":{"line":265,"column":16},"end":{"line":265,"column":27}},"102":{"start":{"line":270,"column":8},"end":{"line":275,"column":10}},"103":{"start":{"line":271,"column":12},"end":{"line":271,"column":24}},"104":{"start":{"line":273,"column":12},"end":{"line":273,"column":39}},"105":{"start":{"line":274,"column":12},"end":{"line":274,"column":24}},"106":{"start":{"line":280,"column":8},"end":{"line":285,"column":10}},"107":{"start":{"line":281,"column":12},"end":{"line":281,"column":24}},"108":{"start":{"line":283,"column":12},"end":{"line":283,"column":39}},"109":{"start":{"line":284,"column":12},"end":{"line":284,"column":24}}},"fnMap":{"0":{"name":"getMoney","decl":{"start":{"line":85,"column":15},"end":{"line":85,"column":23}},"loc":{"start":{"line":85,"column":34},"end":{"line":96,"column":1}},"line":85},"1":{"name":"(anonymous_1)","decl":{"start":{"line":86,"column":83},"end":{"line":86,"column":84}},"loc":{"start":{"line":86,"column":90},"end":{"line":92,"column":5}},"line":86},"2":{"name":"(anonymous_2)","decl":{"start":{"line":92,"column":13},"end":{"line":92,"column":14}},"loc":{"start":{"line":92,"column":20},"end":{"line":95,"column":5}},"line":92},"3":{"name":"getProduct","decl":{"start":{"line":97,"column":15},"end":{"line":97,"column":25}},"loc":{"start":{"line":97,"column":30},"end":{"line":106,"column":1}},"line":97},"4":{"name":"(anonymous_4)","decl":{"start":{"line":99,"column":14},"end":{"line":99,"column":15}},"loc":{"start":{"line":99,"column":22},"end":{"line":105,"column":9}},"line":99},"5":{"name":"getID","decl":{"start":{"line":107,"column":15},"end":{"line":107,"column":20}},"loc":{"start":{"line":107,"column":31},"end":{"line":118,"column":1}},"line":107},"6":{"name":"(anonymous_6)","decl":{"start":{"line":108,"column":80},"end":{"line":108,"column":81}},"loc":{"start":{"line":108,"column":87},"end":{"line":114,"column":5}},"line":108},"7":{"name":"(anonymous_7)","decl":{"start":{"line":114,"column":13},"end":{"line":114,"column":14}},"loc":{"start":{"line":114,"column":20},"end":{"line":117,"column":5}},"line":114},"8":{"name":"updateMoney","decl":{"start":{"line":119,"column":15},"end":{"line":119,"column":26}},"loc":{"start":{"line":119,"column":46},"end":{"line":128,"column":1}},"line":119},"9":{"name":"(anonymous_9)","decl":{"start":{"line":122,"column":79},"end":{"line":122,"column":80}},"loc":{"start":{"line":122,"column":88},"end":{"line":124,"column":5}},"line":122},"10":{"name":"(anonymous_10)","decl":{"start":{"line":124,"column":13},"end":{"line":124,"column":14}},"loc":{"start":{"line":124,"column":20},"end":{"line":127,"column":5}},"line":124},"11":{"name":"updateMoney2","decl":{"start":{"line":129,"column":15},"end":{"line":129,"column":27}},"loc":{"start":{"line":129,"column":47},"end":{"line":138,"column":1}},"line":129},"12":{"name":"(anonymous_12)","decl":{"start":{"line":132,"column":79},"end":{"line":132,"column":80}},"loc":{"start":{"line":132,"column":88},"end":{"line":134,"column":5}},"line":132},"13":{"name":"(anonymous_13)","decl":{"start":{"line":134,"column":13},"end":{"line":134,"column":14}},"loc":{"start":{"line":134,"column":20},"end":{"line":137,"column":5}},"line":134},"14":{"name":"updateProfils","decl":{"start":{"line":139,"column":15},"end":{"line":139,"column":28}},"loc":{"start":{"line":139,"column":76},"end":{"line":159,"column":1}},"line":139},"15":{"name":"(anonymous_15)","decl":{"start":{"line":140,"column":58},"end":{"line":140,"column":59}},"loc":{"start":{"line":140,"column":67},"end":{"line":158,"column":5}},"line":140},"16":{"name":"checkKey","decl":{"start":{"line":160,"column":15},"end":{"line":160,"column":23}},"loc":{"start":{"line":160,"column":32},"end":{"line":170,"column":1}},"line":160},"17":{"name":"(anonymous_17)","decl":{"start":{"line":163,"column":14},"end":{"line":163,"column":15}},"loc":{"start":{"line":163,"column":19},"end":{"line":169,"column":9}},"line":163},"18":{"name":"getUser","decl":{"start":{"line":172,"column":22},"end":{"line":172,"column":29}},"loc":{"start":{"line":172,"column":40},"end":{"line":181,"column":5}},"line":172},"19":{"name":"(anonymous_19)","decl":{"start":{"line":174,"column":18},"end":{"line":174,"column":19}},"loc":{"start":{"line":174,"column":26},"end":{"line":180,"column":13}},"line":174},"20":{"name":"addUser","decl":{"start":{"line":182,"column":22},"end":{"line":182,"column":29}},"loc":{"start":{"line":182,"column":66},"end":{"line":196,"column":5}},"line":182},"21":{"name":"(anonymous_21)","decl":{"start":{"line":188,"column":16},"end":{"line":188,"column":17}},"loc":{"start":{"line":188,"column":24},"end":{"line":191,"column":9}},"line":188},"22":{"name":"(anonymous_22)","decl":{"start":{"line":191,"column":17},"end":{"line":191,"column":18}},"loc":{"start":{"line":191,"column":24},"end":{"line":194,"column":9}},"line":191},"23":{"name":"add_object","decl":{"start":{"line":204,"column":25},"end":{"line":204,"column":35}},"loc":{"start":{"line":204,"column":77},"end":{"line":216,"column":5}},"line":204},"24":{"name":"(anonymous_24)","decl":{"start":{"line":211,"column":16},"end":{"line":211,"column":17}},"loc":{"start":{"line":211,"column":28},"end":{"line":214,"column":9}},"line":211},"25":{"name":"getdisplay_order","decl":{"start":{"line":217,"column":37},"end":{"line":217,"column":53}},"loc":{"start":{"line":217,"column":70},"end":{"line":223,"column":5}},"line":217},"26":{"name":"(anonymous_26)","decl":{"start":{"line":218,"column":45},"end":{"line":218,"column":46}},"loc":{"start":{"line":218,"column":63},"end":{"line":221,"column":9}},"line":218},"27":{"name":"viewsdetailsproduct","decl":{"start":{"line":224,"column":40},"end":{"line":224,"column":59}},"loc":{"start":{"line":224,"column":63},"end":{"line":233,"column":5}},"line":224},"28":{"name":"(anonymous_28)","decl":{"start":{"line":226,"column":48},"end":{"line":226,"column":49}},"loc":{"start":{"line":226,"column":52},"end":{"line":232,"column":9}},"line":226},"29":{"name":"updateorder","decl":{"start":{"line":234,"column":33},"end":{"line":234,"column":44}},"loc":{"start":{"line":234,"column":93},"end":{"line":268,"column":5}},"line":234},"30":{"name":"(anonymous_30)","decl":{"start":{"line":235,"column":56},"end":{"line":235,"column":57}},"loc":{"start":{"line":235,"column":63},"end":{"line":267,"column":9}},"line":235},"31":{"name":"(anonymous_31)","decl":{"start":{"line":243,"column":88},"end":{"line":243,"column":89}},"loc":{"start":{"line":243,"column":101},"end":{"line":246,"column":21}},"line":243},"32":{"name":"(anonymous_32)","decl":{"start":{"line":246,"column":29},"end":{"line":246,"column":30}},"loc":{"start":{"line":246,"column":34},"end":{"line":246,"column":60}},"line":246},"33":{"name":"(anonymous_33)","decl":{"start":{"line":251,"column":76},"end":{"line":251,"column":77}},"loc":{"start":{"line":251,"column":83},"end":{"line":254,"column":21}},"line":251},"34":{"name":"(anonymous_34)","decl":{"start":{"line":254,"column":29},"end":{"line":254,"column":30}},"loc":{"start":{"line":254,"column":34},"end":{"line":254,"column":60}},"line":254},"35":{"name":"(anonymous_35)","decl":{"start":{"line":259,"column":76},"end":{"line":259,"column":77}},"loc":{"start":{"line":259,"column":83},"end":{"line":262,"column":21}},"line":259},"36":{"name":"(anonymous_36)","decl":{"start":{"line":262,"column":29},"end":{"line":262,"column":30}},"loc":{"start":{"line":262,"column":34},"end":{"line":262,"column":58}},"line":262},"37":{"name":"deleteproduct","decl":{"start":{"line":269,"column":35},"end":{"line":269,"column":48}},"loc":{"start":{"line":269,"column":52},"end":{"line":277,"column":5}},"line":269},"38":{"name":"(anonymous_38)","decl":{"start":{"line":270,"column":61},"end":{"line":270,"column":62}},"loc":{"start":{"line":271,"column":12},"end":{"line":271,"column":24}},"line":271},"39":{"name":"(anonymous_39)","decl":{"start":{"line":272,"column":16},"end":{"line":272,"column":17}},"loc":{"start":{"line":272,"column":21},"end":{"line":275,"column":9}},"line":272},"40":{"name":"deleteuser","decl":{"start":{"line":279,"column":32},"end":{"line":279,"column":42}},"loc":{"start":{"line":279,"column":46},"end":{"line":287,"column":5}},"line":279},"41":{"name":"(anonymous_41)","decl":{"start":{"line":280,"column":56},"end":{"line":280,"column":57}},"loc":{"start":{"line":281,"column":12},"end":{"line":281,"column":24}},"line":281},"42":{"name":"(anonymous_42)","decl":{"start":{"line":282,"column":16},"end":{"line":282,"column":17}},"loc":{"start":{"line":282,"column":21},"end":{"line":285,"column":9}},"line":282}},"branchMap":{"0":{"loc":{"start":{"line":87,"column":8},"end":{"line":91,"column":9}},"type":"if","locations":[{"start":{"line":87,"column":8},"end":{"line":91,"column":9}},{"start":{"line":89,"column":15},"end":{"line":91,"column":9}}],"line":87},"1":{"loc":{"start":{"line":100,"column":12},"end":{"line":104,"column":13}},"type":"if","locations":[{"start":{"line":100,"column":12},"end":{"line":104,"column":13}},{"start":{"line":102,"column":19},"end":{"line":104,"column":13}}],"line":100},"2":{"loc":{"start":{"line":109,"column":8},"end":{"line":113,"column":9}},"type":"if","locations":[{"start":{"line":109,"column":8},"end":{"line":113,"column":9}},{"start":{"line":111,"column":15},"end":{"line":113,"column":9}}],"line":109},"3":{"loc":{"start":{"line":141,"column":8},"end":{"line":157,"column":9}},"type":"if","locations":[{"start":{"line":141,"column":8},"end":{"line":157,"column":9}},{"start":{},"end":{}}],"line":141},"4":{"loc":{"start":{"line":142,"column":12},"end":{"line":147,"column":13}},"type":"if","locations":[{"start":{"line":142,"column":12},"end":{"line":147,"column":13}},{"start":{},"end":{}}],"line":142},"5":{"loc":{"start":{"line":148,"column":12},"end":{"line":151,"column":13}},"type":"if","locations":[{"start":{"line":148,"column":12},"end":{"line":151,"column":13}},{"start":{},"end":{}}],"line":148},"6":{"loc":{"start":{"line":152,"column":12},"end":{"line":155,"column":13}},"type":"if","locations":[{"start":{"line":152,"column":12},"end":{"line":155,"column":13}},{"start":{},"end":{}}],"line":152},"7":{"loc":{"start":{"line":164,"column":12},"end":{"line":168,"column":13}},"type":"if","locations":[{"start":{"line":164,"column":12},"end":{"line":168,"column":13}},{"start":{"line":166,"column":19},"end":{"line":168,"column":13}}],"line":164},"8":{"loc":{"start":{"line":175,"column":16},"end":{"line":179,"column":17}},"type":"if","locations":[{"start":{"line":175,"column":16},"end":{"line":179,"column":17}},{"start":{"line":177,"column":23},"end":{"line":179,"column":17}}],"line":175},"9":{"loc":{"start":{"line":217,"column":54},"end":{"line":217,"column":68}},"type":"default-arg","locations":[{"start":{"line":217,"column":59},"end":{"line":217,"column":68}}],"line":217},"10":{"loc":{"start":{"line":227,"column":12},"end":{"line":231,"column":13}},"type":"if","locations":[{"start":{"line":227,"column":12},"end":{"line":231,"column":13}},{"start":{"line":229,"column":17},"end":{"line":231,"column":13}}],"line":227},"11":{"loc":{"start":{"line":236,"column":12},"end":{"line":266,"column":13}},"type":"if","locations":[{"start":{"line":236,"column":12},"end":{"line":266,"column":13}},{"start":{},"end":{}}],"line":236},"12":{"loc":{"start":{"line":237,"column":16},"end":{"line":240,"column":17}},"type":"if","locations":[{"start":{"line":237,"column":16},"end":{"line":240,"column":17}},{"start":{},"end":{}}],"line":237},"13":{"loc":{"start":{"line":241,"column":16},"end":{"line":248,"column":17}},"type":"if","locations":[{"start":{"line":241,"column":16},"end":{"line":248,"column":17}},{"start":{},"end":{}}],"line":241},"14":{"loc":{"start":{"line":249,"column":16},"end":{"line":256,"column":17}},"type":"if","locations":[{"start":{"line":249,"column":16},"end":{"line":256,"column":17}},{"start":{},"end":{}}],"line":249},"15":{"loc":{"start":{"line":257,"column":16},"end":{"line":264,"column":17}},"type":"if","locations":[{"start":{"line":257,"column":16},"end":{"line":264,"column":17}},{"start":{},"end":{}}],"line":257}},"s":{"0":1,"1":1,"2":1,"3":1,"4":1,"5":1,"6":1,"7":1,"8":1,"9":9,"10":6,"11":5,"12":1,"13":3,"14":3,"15":6,"16":6,"17":5,"18":1,"19":3,"20":2,"21":1,"22":1,"23":1,"24":1,"25":2,"26":2,"27":2,"28":1,"29":1,"30":1,"31":2,"32":2,"33":2,"34":1,"35":1,"36":1,"37":3,"38":3,"39":2,"40":1,"41":1,"42":1,"43":1,"44":2,"45":1,"46":1,"47":2,"48":1,"49":1,"50":2,"51":0,"52":0,"53":0,"54":0,"55":0,"56":1,"57":10,"58":10,"59":6,"60":4,"61":7,"62":6,"63":6,"64":1,"65":1,"66":4,"67":4,"68":4,"69":1,"70":1,"71":2,"72":2,"73":1,"74":1,"75":3,"76":3,"77":2,"78":1,"79":1,"80":2,"81":1,"82":1,"83":1,"84":1,"85":0,"86":1,"87":2,"88":1,"89":1,"90":1,"91":1,"92":0,"93":1,"94":2,"95":1,"96":1,"97":1,"98":1,"99":0,"100":1,"101":2,"102":5,"103":5,"104":1,"105":1,"106":7,"107":7,"108":1,"109":1},"f":{"0":9,"1":6,"2":3,"3":6,"4":6,"5":3,"6":2,"7":1,"8":2,"9":1,"10":1,"11":2,"12":1,"13":1,"14":3,"15":3,"16":0,"17":0,"18":10,"19":10,"20":7,"21":6,"22":1,"23":4,"24":4,"25":1,"26":1,"27":2,"28":2,"29":3,"30":3,"31":1,"32":0,"33":1,"34":0,"35":1,"36":0,"37":5,"38":5,"39":1,"40":7,"41":7,"42":1},"b":{"0":[5,1],"1":[5,1],"2":[1,1],"3":[2,1],"4":[1,1],"5":[1,1],"6":[1,1],"7":[0,0],"8":[6,4],"9":[1],"10":[1,1],"11":[2,1],"12":[1,1],"13":[1,1],"14":[1,1],"15":[1,1]},"_coverageSchema":"1a1c01bbd47fc00a2c39e90264f33305004495a9","hash":"bd408a030fcf64265e6ab03d975755700c3a636a"}
}
