TN:
SF:db.js
FN:85,getMoney
FN:86,(anonymous_1)
FN:92,(anonymous_2)
FN:97,getProduct
FN:99,(anonymous_4)
FN:107,getID
FN:108,(anonymous_6)
FN:114,(anonymous_7)
FN:119,updateMoney
FN:122,(anonymous_9)
FN:124,(anonymous_10)
FN:129,updateMoney2
FN:132,(anonymous_12)
FN:134,(anonymous_13)
FN:139,updateProfils
FN:140,(anonymous_15)
FN:160,checkKey
FN:163,(anonymous_17)
FN:172,getUser
FN:174,(anonymous_19)
FN:182,addUser
FN:188,(anonymous_21)
FN:191,(anonymous_22)
FN:204,add_object
FN:211,(anonymous_24)
FN:217,getdisplay_order
FN:218,(anonymous_26)
FN:224,viewsdetailsproduct
FN:226,(anonymous_28)
FN:234,updateorder
FN:235,(anonymous_30)
FN:243,(anonymous_31)
FN:246,(anonymous_32)
FN:251,(anonymous_33)
FN:254,(anonymous_34)
FN:259,(anonymous_35)
FN:262,(anonymous_36)
FN:269,deleteproduct
FN:270,(anonymous_38)
FN:272,(anonymous_39)
FN:279,deleteuser
FN:280,(anonymous_41)
FN:282,(anonymous_42)
FNF:43
FNH:38
FNDA:9,getMoney
FNDA:6,(anonymous_1)
FNDA:3,(anonymous_2)
FNDA:6,getProduct
FNDA:6,(anonymous_4)
FNDA:3,getID
FNDA:2,(anonymous_6)
FNDA:1,(anonymous_7)
FNDA:2,updateMoney
FNDA:1,(anonymous_9)
FNDA:1,(anonymous_10)
FNDA:2,updateMoney2
FNDA:1,(anonymous_12)
FNDA:1,(anonymous_13)
FNDA:3,updateProfils
FNDA:3,(anonymous_15)
FNDA:0,checkKey
FNDA:0,(anonymous_17)
FNDA:10,getUser
FNDA:10,(anonymous_19)
FNDA:7,addUser
FNDA:6,(anonymous_21)
FNDA:1,(anonymous_22)
FNDA:4,add_object
FNDA:4,(anonymous_24)
FNDA:1,getdisplay_order
FNDA:1,(anonymous_26)
FNDA:2,viewsdetailsproduct
FNDA:2,(anonymous_28)
FNDA:3,updateorder
FNDA:3,(anonymous_30)
FNDA:1,(anonymous_31)
FNDA:0,(anonymous_32)
FNDA:1,(anonymous_33)
FNDA:0,(anonymous_34)
FNDA:1,(anonymous_35)
FNDA:0,(anonymous_36)
FNDA:5,deleteproduct
FNDA:5,(anonymous_38)
FNDA:1,(anonymous_39)
FNDA:7,deleteuser
FNDA:7,(anonymous_41)
FNDA:1,(anonymous_42)
DA:1,1
DA:2,1
DA:3,1
DA:4,1
DA:5,1
DA:15,1
DA:42,1
DA:71,1
DA:83,1
DA:86,9
DA:87,6
DA:88,5
DA:90,1
DA:93,3
DA:94,3
DA:98,6
DA:100,6
DA:101,5
DA:103,1
DA:108,3
DA:109,2
DA:110,1
DA:112,1
DA:115,1
DA:116,1
DA:120,2
DA:121,2
DA:122,2
DA:123,1
DA:125,1
DA:126,1
DA:130,2
DA:131,2
DA:132,2
DA:133,1
DA:135,1
DA:136,1
DA:140,3
DA:141,3
DA:142,2
DA:143,1
DA:144,1
DA:145,1
DA:146,1
DA:148,2
DA:149,1
DA:150,1
DA:152,2
DA:153,1
DA:154,1
DA:156,2
DA:161,0
DA:162,0
DA:164,0
DA:165,0
DA:167,0
DA:171,1
DA:173,10
DA:175,10
DA:176,6
DA:178,4
DA:183,7
DA:189,6
DA:190,6
DA:192,1
DA:193,1
DA:205,4
DA:212,4
DA:213,4
DA:218,1
DA:220,1
DA:226,2
DA:227,2
DA:228,1
DA:230,1
DA:235,3
DA:236,3
DA:237,2
DA:238,1
DA:239,1
DA:241,2
DA:242,1
DA:243,1
DA:244,1
DA:245,1
DA:246,0
DA:247,1
DA:249,2
DA:250,1
DA:251,1
DA:252,1
DA:253,1
DA:254,0
DA:255,1
DA:257,2
DA:258,1
DA:259,1
DA:260,1
DA:261,1
DA:262,0
DA:263,1
DA:265,2
DA:270,5
DA:271,5
DA:273,1
DA:274,1
DA:280,7
DA:281,7
DA:283,1
DA:284,1
LF:110
LH:102
BRDA:87,0,0,5
BRDA:87,0,1,1
BRDA:100,1,0,5
BRDA:100,1,1,1
BRDA:109,2,0,1
BRDA:109,2,1,1
BRDA:141,3,0,2
BRDA:141,3,1,1
BRDA:142,4,0,1
BRDA:142,4,1,1
BRDA:148,5,0,1
BRDA:148,5,1,1
BRDA:152,6,0,1
BRDA:152,6,1,1
BRDA:164,7,0,0
BRDA:164,7,1,0
BRDA:175,8,0,6
BRDA:175,8,1,4
BRDA:217,9,0,1
BRDA:227,10,0,1
BRDA:227,10,1,1
BRDA:236,11,0,2
BRDA:236,11,1,1
BRDA:237,12,0,1
BRDA:237,12,1,1
BRDA:241,13,0,1
BRDA:241,13,1,1
BRDA:249,14,0,1
BRDA:249,14,1,1
BRDA:257,15,0,1
BRDA:257,15,1,1
BRF:31
BRH:29
end_of_record
